2023/11/29 22:13:02 [notice] 1#1: using the "epoll" event method
2023/11/29 22:13:02 [notice] 1#1: nginx/1.25.3
2023/11/29 22:13:02 [notice] 1#1: built by gcc 12.2.1 20220924 (Alpine 12.2.1_git20220924-r10) 
2023/11/29 22:13:02 [notice] 1#1: OS: Linux 5.15.133.1-microsoft-standard-WSL2
2023/11/29 22:13:02 [notice] 1#1: getrlimit(RLIMIT_NOFILE): 1048576:1048576
2023/11/29 22:13:02 [notice] 1#1: start worker processes
2023/11/29 22:13:02 [notice] 1#1: start worker process 30
2023/11/29 22:13:02 [notice] 1#1: start worker process 31
2023/11/29 22:13:02 [notice] 1#1: start worker process 32
2023/11/29 22:13:02 [notice] 1#1: start worker process 33
2023/11/29 22:16:16 [error] 30#30: *1 open() "/var/www/html/favicon.ico" failed (2: No such file or directory), client: 172.19.0.1, server: , request: "GET /favicon.ico HTTP/1.1", host: "localhost:8080", referrer: "http://localhost:8080/"
2023/11/29 22:16:31 [notice] 1#1: signal 3 (SIGQUIT) received, shutting down
2023/11/29 22:16:31 [notice] 31#31: gracefully shutting down
2023/11/29 22:16:31 [notice] 30#30: gracefully shutting down
2023/11/29 22:16:31 [notice] 33#33: gracefully shutting down
2023/11/29 22:16:31 [notice] 33#33: exiting
2023/11/29 22:16:31 [notice] 32#32: gracefully shutting down
2023/11/29 22:16:31 [notice] 31#31: exiting
2023/11/29 22:16:31 [notice] 33#33: exit
2023/11/29 22:16:31 [notice] 32#32: exiting
2023/11/29 22:16:31 [notice] 32#32: exit
2023/11/29 22:16:31 [notice] 31#31: exit
2023/11/29 22:16:31 [notice] 1#1: signal 17 (SIGCHLD) received from 33
2023/11/29 22:16:31 [notice] 1#1: worker process 33 exited with code 0
2023/11/29 22:16:31 [notice] 1#1: signal 29 (SIGIO) received
2023/11/29 22:16:31 [notice] 1#1: signal 17 (SIGCHLD) received from 32
2023/11/29 22:16:31 [notice] 1#1: worker process 32 exited with code 0
2023/11/29 22:16:31 [notice] 1#1: signal 29 (SIGIO) received
2023/11/29 22:16:31 [notice] 1#1: signal 17 (SIGCHLD) received from 31
2023/11/29 22:16:31 [notice] 1#1: worker process 31 exited with code 0
2023/11/29 22:16:31 [notice] 1#1: signal 29 (SIGIO) received
2023/11/29 22:16:45 [notice] 1#1: using the "epoll" event method
2023/11/29 22:16:45 [notice] 1#1: nginx/1.25.3
2023/11/29 22:16:45 [notice] 1#1: built by gcc 12.2.1 20220924 (Alpine 12.2.1_git20220924-r10) 
2023/11/29 22:16:45 [notice] 1#1: OS: Linux 5.15.133.1-microsoft-standard-WSL2
2023/11/29 22:16:45 [notice] 1#1: getrlimit(RLIMIT_NOFILE): 1048576:1048576
2023/11/29 22:16:45 [notice] 1#1: start worker processes
2023/11/29 22:16:45 [notice] 1#1: start worker process 30
2023/11/29 22:16:45 [notice] 1#1: start worker process 31
2023/11/29 22:16:45 [notice] 1#1: start worker process 32
2023/11/29 22:16:45 [notice] 1#1: start worker process 33
2023/11/30 08:19:18 [notice] 1#1: signal 3 (SIGQUIT) received, shutting down
2023/11/30 08:19:18 [notice] 30#30: gracefully shutting down
2023/11/30 08:19:18 [notice] 31#31: gracefully shutting down
2023/11/30 08:19:18 [notice] 33#33: gracefully shutting down
2023/11/30 08:19:18 [notice] 30#30: exiting
2023/11/30 08:19:18 [notice] 30#30: exit
2023/11/30 08:19:18 [notice] 32#32: gracefully shutting down
2023/11/30 08:19:18 [notice] 32#32: exiting
2023/11/30 08:19:18 [notice] 31#31: exiting
2023/11/30 08:19:18 [notice] 31#31: exit
2023/11/30 08:19:18 [notice] 33#33: exiting
2023/11/30 08:19:18 [notice] 33#33: exit
2023/11/30 08:19:18 [notice] 32#32: exit
2023/11/30 08:19:18 [notice] 1#1: signal 17 (SIGCHLD) received from 30
2023/11/30 08:19:18 [notice] 1#1: worker process 30 exited with code 0
2023/11/30 08:19:18 [notice] 1#1: signal 29 (SIGIO) received
2023/11/30 08:19:18 [notice] 1#1: signal 17 (SIGCHLD) received from 33
2023/11/30 08:19:18 [notice] 1#1: worker process 33 exited with code 0
2023/11/30 08:19:18 [notice] 1#1: signal 29 (SIGIO) received
2023/11/30 08:19:18 [notice] 1#1: signal 17 (SIGCHLD) received from 31
2023/11/30 08:19:18 [notice] 1#1: worker process 31 exited with code 0
2023/11/30 08:19:18 [notice] 1#1: signal 29 (SIGIO) received
2023/11/30 08:19:18 [notice] 1#1: signal 17 (SIGCHLD) received from 32
2023/11/30 08:19:18 [notice] 1#1: worker process 32 exited with code 0
2023/11/30 08:19:18 [notice] 1#1: exit
2023/11/30 08:19:24 [notice] 1#1: using the "epoll" event method
2023/11/30 08:19:24 [notice] 1#1: nginx/1.25.3
2023/11/30 08:19:24 [notice] 1#1: built by gcc 12.2.1 20220924 (Alpine 12.2.1_git20220924-r10) 
2023/11/30 08:19:24 [notice] 1#1: OS: Linux 5.15.133.1-microsoft-standard-WSL2
2023/11/30 08:19:24 [notice] 1#1: getrlimit(RLIMIT_NOFILE): 1048576:1048576
2023/11/30 08:19:24 [notice] 1#1: start worker processes
2023/11/30 08:19:24 [notice] 1#1: start worker process 29
2023/11/30 08:19:24 [notice] 1#1: start worker process 30
2023/11/30 08:19:24 [notice] 1#1: start worker process 31
2023/11/30 08:19:24 [notice] 1#1: start worker process 32
2023/11/30 08:21:49 [error] 29#29: *1 open() "/var/www/html/favicon.ico" failed (2: No such file or directory), client: 172.19.0.1, server: , request: "GET /favicon.ico HTTP/1.1", host: "localhost", referrer: "http://localhost/"
2023/11/30 08:22:08 [notice] 1#1: signal 3 (SIGQUIT) received, shutting down
2023/11/30 08:22:08 [notice] 31#31: gracefully shutting down
2023/11/30 08:22:08 [notice] 30#30: gracefully shutting down
2023/11/30 08:22:08 [notice] 31#31: exiting
2023/11/30 08:22:08 [notice] 31#31: exit
2023/11/30 08:22:08 [notice] 29#29: gracefully shutting down
2023/11/30 08:22:08 [notice] 32#32: gracefully shutting down
2023/11/30 08:22:08 [notice] 32#32: exiting
2023/11/30 08:22:08 [notice] 32#32: exit
2023/11/30 08:22:08 [notice] 29#29: exiting
2023/11/30 08:22:08 [notice] 29#29: exit
2023/11/30 08:22:08 [notice] 1#1: signal 17 (SIGCHLD) received from 31
2023/11/30 08:22:08 [notice] 1#1: worker process 29 exited with code 0
2023/11/30 08:22:08 [notice] 1#1: worker process 31 exited with code 0
2023/11/30 08:22:08 [notice] 1#1: signal 29 (SIGIO) received
2023/11/30 08:22:08 [notice] 1#1: signal 17 (SIGCHLD) received from 29
2023/11/30 08:22:08 [notice] 1#1: signal 17 (SIGCHLD) received from 32
2023/11/30 08:22:08 [notice] 1#1: worker process 32 exited with code 0
2023/11/30 08:22:08 [notice] 1#1: signal 29 (SIGIO) received
